<?xml version="1.0" encoding="UTF-8" ?>
<testsuite tests="4" failures="0" name="com.mahmud.card.core.utils.CardUtilsTest" time="0.014" errors="0" skipped="0">
  <properties>
[...]
</properties>
  <testcase classname="com.mahmud.card.core.utils.CardUtilsTest" name="testAMEXCardNotValid" time="0.008"/>
  <testcase classname="com.mahmud.card.core.utils.CardUtilsTest" name="testAMEXCardMask" time="0"/>
  <testcase classname="com.mahmud.card.core.utils.CardUtilsTest" name="testRBCCardMask" time="0"/>
  <testcase classname="com.mahmud.card.core.utils.CardUtilsTest" name="testHSBCCardMask" time="0"/>
</testsuite>